# Logfile created on 2014-03-07 13:49:34 -0430 by logger.rb/31641
I, [2014-03-07T13:49:34.424752 #29317]  INFO -- : 0:  rake (10.1.0) from /home/alexis/.rvm/gems/ruby-1.9.3-p448/specifications/rake-10.1.0.gemspec
I, [2014-03-07T13:49:39.413787 #29317]  INFO -- : 0:  fast-stemmer (1.0.2) from /home/alexis/.rvm/gems/ruby-1.9.3-p448/specifications/fast-stemmer-1.0.2.gemspec
I, [2014-03-07T13:49:43.036228 #29317]  INFO -- : 0:  classifier (1.3.3) from /home/alexis/.rvm/gems/ruby-1.9.3-p448/specifications/classifier-1.3.3.gemspec
I, [2014-03-07T13:49:45.572477 #29317]  INFO -- : 0:  colorator (0.1) from /home/alexis/.rvm/gems/ruby-1.9.3-p448/specifications/colorator-0.1.gemspec
I, [2014-03-07T13:50:10.818879 #29317]  INFO -- : 0:  highline (1.6.20) from /home/alexis/.rvm/gems/ruby-1.9.3-p448/specifications/highline-1.6.20.gemspec
I, [2014-03-07T13:50:14.773366 #29317]  INFO -- : 0:  commander (4.1.5) from /home/alexis/.rvm/gems/ruby-1.9.3-p448/specifications/commander-4.1.5.gemspec
I, [2014-03-07T13:50:37.979693 #29317]  INFO -- : 0:  ffi (1.9.3) from /home/alexis/.rvm/gems/ruby-1.9.3-p448/specifications/ffi-1.9.3.gemspec
I, [2014-03-07T13:50:42.417475 #29317]  INFO -- : 0:  liquid (2.5.4) from /home/alexis/.rvm/gems/ruby-1.9.3-p448/specifications/liquid-2.5.4.gemspec
I, [2014-03-07T13:50:57.902195 #29317]  INFO -- : 0:  rb-fsevent (0.9.3) from /home/alexis/.rvm/gems/ruby-1.9.3-p448/specifications/rb-fsevent-0.9.3.gemspec
I, [2014-03-07T13:51:00.470452 #29317]  INFO -- : 0:  rb-inotify (0.9.2) from /home/alexis/.rvm/gems/ruby-1.9.3-p448/specifications/rb-inotify-0.9.2.gemspec
I, [2014-03-07T13:51:02.872050 #29317]  INFO -- : 0:  rb-kqueue (0.2.0) from /home/alexis/.rvm/gems/ruby-1.9.3-p448/specifications/rb-kqueue-0.2.0.gemspec
I, [2014-03-07T13:51:05.575704 #29317]  INFO -- : 0:  listen (1.3.1) from /home/alexis/.rvm/gems/ruby-1.9.3-p448/specifications/listen-1.3.1.gemspec
I, [2014-03-07T13:51:09.204629 #29317]  INFO -- : 0:  syntax (1.0.0) from /home/alexis/.rvm/gems/ruby-1.9.3-p448/specifications/syntax-1.0.0.gemspec
I, [2014-03-07T13:51:19.487169 #29317]  INFO -- : 0:  maruku (0.6.1) from /home/alexis/.rvm/gems/ruby-1.9.3-p448/specifications/maruku-0.6.1.gemspec
I, [2014-03-07T13:51:21.650248 #29317]  INFO -- : 0:  posix-spawn (0.3.8) from /home/alexis/.rvm/gems/ruby-1.9.3-p448/specifications/posix-spawn-0.3.8.gemspec
I, [2014-03-07T13:51:36.088649 #29317]  INFO -- : 0:  yajl-ruby (1.1.0) from /home/alexis/.rvm/gems/ruby-1.9.3-p448/specifications/yajl-ruby-1.1.0.gemspec
I, [2014-03-07T13:52:35.623300 #29317]  INFO -- : 0:  pygments.rb (0.5.4) from /home/alexis/.rvm/gems/ruby-1.9.3-p448/specifications/pygments.rb-0.5.4.gemspec
I, [2014-03-07T13:52:41.888632 #29317]  INFO -- : 0:  redcarpet (2.3.0) from /home/alexis/.rvm/gems/ruby-1.9.3-p448/specifications/redcarpet-2.3.0.gemspec
I, [2014-03-07T13:52:44.699729 #29317]  INFO -- : 0:  safe_yaml (0.9.7) from /home/alexis/.rvm/gems/ruby-1.9.3-p448/specifications/safe_yaml-0.9.7.gemspec
I, [2014-03-07T13:52:52.359026 #29317]  INFO -- : 0:  jekyll (1.3.1) from /home/alexis/.rvm/gems/ruby-1.9.3-p448/specifications/jekyll-1.3.1.gemspec
I, [2014-03-07T13:52:52.360231 #29317]  INFO -- : 0:  bundler (1.5.1) from /home/alexis/.rvm/gems/ruby-1.9.3-p448@global/specifications/bundler-1.5.1.gemspec
